This is pdfTeX, Version 3.1415926-2.5-1.40.14 (TeX Live 2013) (format=pdflatex 2013.5.30)  11 JUL 2016 17:54
entering extended mode
 restricted \write18 enabled.
 file:line:error style messages enabled.
 %&-line parsing enabled.
**ECHO_agu_class.tex
(./ECHO_agu_class.tex
LaTeX2e <2011/06/27>
Babel <3.9f> and hyphenation patterns for 78 languages loaded.
(./AGUJournal.cls
Document Class: AGUJournal 02/18/2016

LaTeX Warning: You have requested document class `AGUJournal',
               but the document class provides `times'.

Document Class: times 2005/04/12 PSNFSS-v9.2a (SPQR) 
(/usr/local/texlive/2013/texmf-dist/tex/latex/graphics/graphicx.sty
Package: graphicx 1999/02/16 v1.0f Enhanced LaTeX Graphics (DPC,SPQR)

(/usr/local/texlive/2013/texmf-dist/tex/latex/graphics/keyval.sty
Package: keyval 1999/03/16 v1.13 key=value parser (DPC)
\KV@toks@=\toks14
)
(/usr/local/texlive/2013/texmf-dist/tex/latex/graphics/graphics.sty
Package: graphics 2009/02/05 v1.0o Standard LaTeX Graphics (DPC,SPQR)

(/usr/local/texlive/2013/texmf-dist/tex/latex/graphics/trig.sty
Package: trig 1999/03/16 v1.09 sin cos tan (DPC)
)
(/usr/local/texlive/2013/texmf-dist/tex/latex/latexconfig/graphics.cfg
File: graphics.cfg 2010/04/23 v1.9 graphics configuration of TeX Live
)
Package graphics Info: Driver file: pdftex.def on input line 91.

(/usr/local/texlive/2013/texmf-dist/tex/latex/pdftex-def/pdftex.def
File: pdftex.def 2011/05/27 v0.06d Graphics/color for pdfTeX

(/usr/local/texlive/2013/texmf-dist/tex/generic/oberdiek/infwarerr.sty
Package: infwarerr 2010/04/08 v1.3 Providing info/warning/error messages (HO)
)
(/usr/local/texlive/2013/texmf-dist/tex/generic/oberdiek/ltxcmds.sty
Package: ltxcmds 2011/11/09 v1.22 LaTeX kernel commands for general use (HO)
)
\Gread@gobject=\count79
))
\Gin@req@height=\dimen102
\Gin@req@width=\dimen103
)

LaTeX Warning: You have requested document class `AGUJournal',
               but the document class provides `xcolor'.

Document Class: xcolor 2006/11/28 v2.10 LaTeX color extensions (UK)
(/usr/local/texlive/2013/texmf-dist/tex/latex/latexconfig/color.cfg
File: color.cfg 2007/01/18 v1.5 color configuration of teTeX/TeXLive
)
Package xcolor Info: Package option `draft' ignored on input line 270.
Package xcolor Info: Package option `ras' ignored on input line 270.
Package xcolor Info: Driver file: pdftex.def on input line 279.
Package xcolor Info: Model `cmy' substituted by `cmy0' on input line 1391.
Package xcolor Info: Model `hsb' substituted by `rgb' on input line 1395.
Package xcolor Info: Model `RGB' extended on input line 1407.
Package xcolor Info: Model `HTML' substituted by `rgb' on input line 1409.
Package xcolor Info: Model `Hsb' substituted by `hsb' on input line 1410.
Package xcolor Info: Model `tHsb' substituted by `hsb' on input line 1411.
Package xcolor Info: Model `HSB' substituted by `hsb' on input line 1412.
Package xcolor Info: Model `Gray' substituted by `gray' on input line 1413.
Package xcolor Info: Model `wave' substituted by `hsb' on input line 1414.

(/usr/local/texlive/2013/texmf-dist/tex/latex/lineno/lineno.sty
Package: lineno 2005/11/02 line numbers on paragraphs v4.41
\linenopenalty=\count80
\output=\toks15
\linenoprevgraf=\count81
\linenumbersep=\dimen104
\linenumberwidth=\dimen105
\c@linenumber=\count82
\c@pagewiselinenumber=\count83
\c@LN@truepage=\count84
\c@internallinenumber=\count85
\c@internallinenumbers=\count86
\quotelinenumbersep=\dimen106
\bframerule=\dimen107
\bframesep=\dimen108
\bframebox=\box26
LaTeX Info: Redefining \\ on input line 3056.
)
(/usr/local/texlive/2013/texmf-dist/tex/latex/tools/indentfirst.sty
Package: indentfirst 1995/11/23 v1.03 Indent first paragraph (DPC)
)
(/usr/local/texlive/2013/texmf-dist/tex/latex/ms/ragged2e.sty
Package: ragged2e 2009/05/21 v2.1 ragged2e Package (MS)

(/usr/local/texlive/2013/texmf-dist/tex/latex/ms/everysel.sty
Package: everysel 2011/10/28 v1.2 EverySelectfont Package (MS)
)
\CenteringLeftskip=\skip41
\RaggedLeftLeftskip=\skip42
\RaggedRightLeftskip=\skip43
\CenteringRightskip=\skip44
\RaggedLeftRightskip=\skip45
\RaggedRightRightskip=\skip46
\CenteringParfillskip=\skip47
\RaggedLeftParfillskip=\skip48
\RaggedRightParfillskip=\skip49
\JustifyingParfillskip=\skip50
\CenteringParindent=\skip51
\RaggedLeftParindent=\skip52
\RaggedRightParindent=\skip53
\JustifyingParindent=\skip54
)
(/usr/local/texlive/2013/texmf-dist/tex/latex/rotating/rotating.sty
Package: rotating 2009/03/28 v2.16a rotated objects in LaTeX

(/usr/local/texlive/2013/texmf-dist/tex/latex/base/ifthen.sty
Package: ifthen 2001/05/26 v1.1c Standard LaTeX ifthen package (DPC)
)
\c@r@tfl@t=\count87
\rotFPtop=\skip55
\rotFPbot=\skip56
\rot@float@box=\box27
\rot@mess@toks=\toks16
)
(/usr/local/texlive/2013/texmf-dist/tex/generic/ulem/ulem.sty
\UL@box=\box28
\UL@hyphenbox=\box29
\UL@skip=\skip57
\UL@hook=\toks17
\UL@height=\dimen109
\UL@pe=\count88
\UL@pixel=\dimen110
\ULC@box=\box30
Package: ulem 2012/05/18
\ULdepth=\dimen111
)
\draftskip=\count89
\c@section=\count90
\c@subsection=\count91
\c@subsubsection=\count92
\c@paragraph=\count93
\c@subparagraph=\count94
\c@figure=\count95
\c@table=\count96
\abovecaptionskip=\skip58
\belowcaptionskip=\skip59
\c@appendnum=\count97
\bibindent=\dimen112

(/usr/local/texlive/2013/texmf-dist/tex/latex/natbib/natbib.sty
Package: natbib 2010/09/13 8.31b (PWD, AO)
\bibhang=\skip60
\bibsep=\skip61
LaTeX Info: Redefining \cite on input line 694.
\c@NAT@ctr=\count98
)
\refchangenumber=\count99
\listchangenum=\count100
)
(/usr/local/texlive/2013/texmf-dist/tex/latex/comment/comment.sty
\CommentStream=\write3

Excluding comment 'comment')

LaTeX Warning: Unused global option(s):
    [ras].

(./ECHO_agu_class.aux)
\openout1 = `ECHO_agu_class.aux'.

LaTeX Font Info:    Checking defaults for OML/cmm/m/it on input line 72.
LaTeX Font Info:    ... okay on input line 72.
LaTeX Font Info:    Checking defaults for T1/cmr/m/n on input line 72.
LaTeX Font Info:    ... okay on input line 72.
LaTeX Font Info:    Checking defaults for OT1/cmr/m/n on input line 72.
LaTeX Font Info:    ... okay on input line 72.
LaTeX Font Info:    Checking defaults for OMS/cmsy/m/n on input line 72.
LaTeX Font Info:    ... okay on input line 72.
LaTeX Font Info:    Checking defaults for OMX/cmex/m/n on input line 72.
LaTeX Font Info:    ... okay on input line 72.
LaTeX Font Info:    Checking defaults for U/cmr/m/n on input line 72.
LaTeX Font Info:    ... okay on input line 72.
LaTeX Font Info:    Try loading font information for OT1+ptm on input line 72.

(/usr/local/texlive/2013/texmf-dist/tex/latex/psnfss/ot1ptm.fd
File: ot1ptm.fd 2001/06/04 font definitions for OT1/ptm.
)
(/usr/local/texlive/2013/texmf-dist/tex/context/base/supp-pdf.mkii
[Loading MPS to PDF converter (version 2006.09.02).]
\scratchcounter=\count101
\scratchdimen=\dimen113
\scratchbox=\box31
\nofMPsegments=\count102
\nofMParguments=\count103
\everyMPshowfont=\toks18
\MPscratchCnt=\count104
\MPscratchDim=\dimen114
\MPnumerator=\count105
\makeMPintoPDFobject=\count106
\everyMPtoPDFconversion=\toks19
) (/usr/local/texlive/2013/texmf-dist/tex/generic/oberdiek/pdftexcmds.sty
Package: pdftexcmds 2011/11/29 v0.20 Utility functions of pdfTeX for LuaTeX (HO
)

(/usr/local/texlive/2013/texmf-dist/tex/generic/oberdiek/ifluatex.sty
Package: ifluatex 2010/03/01 v1.3 Provides the ifluatex switch (HO)
Package ifluatex Info: LuaTeX not detected.
)
(/usr/local/texlive/2013/texmf-dist/tex/generic/oberdiek/ifpdf.sty
Package: ifpdf 2011/01/30 v2.3 Provides the ifpdf switch (HO)
Package ifpdf Info: pdfTeX in PDF mode is detected.
)
Package pdftexcmds Info: LuaTeX not detected.
Package pdftexcmds Info: \pdf@primitive is available.
Package pdftexcmds Info: \pdf@ifprimitive is available.
Package pdftexcmds Info: \pdfdraftmode found.
)
(/usr/local/texlive/2013/texmf-dist/tex/latex/oberdiek/epstopdf-base.sty
Package: epstopdf-base 2010/02/09 v2.5 Base part for package epstopdf

(/usr/local/texlive/2013/texmf-dist/tex/latex/oberdiek/grfext.sty
Package: grfext 2010/08/19 v1.1 Manage graphics extensions (HO)

(/usr/local/texlive/2013/texmf-dist/tex/generic/oberdiek/kvdefinekeys.sty
Package: kvdefinekeys 2011/04/07 v1.3 Define keys (HO)
))
(/usr/local/texlive/2013/texmf-dist/tex/latex/oberdiek/kvoptions.sty
Package: kvoptions 2011/06/30 v3.11 Key value format for package options (HO)

(/usr/local/texlive/2013/texmf-dist/tex/generic/oberdiek/kvsetkeys.sty
Package: kvsetkeys 2012/04/25 v1.16 Key value parser (HO)

(/usr/local/texlive/2013/texmf-dist/tex/generic/oberdiek/etexcmds.sty
Package: etexcmds 2011/02/16 v1.5 Avoid name clashes with e-TeX commands (HO)
Package etexcmds Info: Could not find \expanded.
(etexcmds)             That can mean that you are not using pdfTeX 1.50 or
(etexcmds)             that some package has redefined \expanded.
(etexcmds)             In the latter case, load this package earlier.
)))
Package grfext Info: Graphics extension search list:
(grfext)             [.png,.pdf,.jpg,.mps,.jpeg,.jbig2,.jb2,.PNG,.PDF,.JPG,.JPE
G,.JBIG2,.JB2,.eps]
(grfext)             \AppendGraphicsExtensions on input line 452.

(/usr/local/texlive/2013/texmf-dist/tex/latex/latexconfig/epstopdf-sys.cfg
File: epstopdf-sys.cfg 2010/07/13 v1.3 Configuration of (r)epstopdf for TeX Liv
e
))
ABD: EverySelectfont initializing macros
LaTeX Info: Redefining \selectfont on input line 72.
LaTeX Font Info:    Font shape `OT1/ptm/bx/n' in size <14.4> not available
(Font)              Font shape `OT1/ptm/b/n' tried instead on input line 86.
LaTeX Font Info:    Font shape `OT1/ptm/bx/n' in size <10> not available
(Font)              Font shape `OT1/ptm/b/n' tried instead on input line 113.
LaTeX Font Info:    External font `cmex10' loaded for size
(Font)              <7> on input line 113.
LaTeX Font Info:    External font `cmex10' loaded for size
(Font)              <5> on input line 113.
LaTeX Font Info:    External font `cmex10' loaded for size
(Font)              <8> on input line 121.
LaTeX Font Info:    External font `cmex10' loaded for size
(Font)              <6> on input line 121.
 [1{/usr/local/texlive/2013/texmf-var/fonts/map/pdftex/updmap/pdftex.map}]
LaTeX Font Info:    Font shape `OT1/ptm/bx/n' in size <10.5> not available
(Font)              Font shape `OT1/ptm/b/n' tried instead on input line 203.

Overfull \hbox (11.01846pt too wide) in paragraph at lines 205--206
[]\OT1/ptm/m/n/10 A new gen-er-a-tion of ra-dio ar-rays is be-ing de-vel-oped t
hat use large num-bers of low-cost 
 []


Overfull \hbox (5.56744pt too wide) in paragraph at lines 205--206
\OT1/ptm/m/n/10 el-e-ments, such as phased tiles of dipole an-ten-nas. This is 
made pos-si-ble by de-vel-op-ments in 
 []


Overfull \hbox (12.06848pt too wide) in paragraph at lines 205--206
\OT1/ptm/m/n/10 dig-i-tal tech-nol-ogy and en-ables ex-plo-ration of new win-do
ws on the uni-verse such as the epoch 
 []


Overfull \hbox (25.49434pt too wide) in paragraph at lines 205--206
\OT1/ptm/m/n/10 of reion-iza-tion (EoR) via the red-shifted 21 cm line (Morales
 & Wyithe 2010; Madau et al. 1997; 
 []


Overfull \hbox (8.15479pt too wide) in paragraph at lines 205--206
\OT1/ptm/m/n/10 Loeb & Zal-dar-riaga 2004; Loeb & Barkana 2001; Furlan-etto et 
al. 2006). Pre-cise cal-i-bra-tion 
 []


Overfull \hbox (0.87805pt too wide) in paragraph at lines 205--206
\OT1/ptm/m/n/10 of the pri-mary beams of these dipole ar-rays has been found to
 be cru-cial to anal-y-sis of ob- 
 []


Overfull \hbox (8.16478pt too wide) in paragraph at lines 205--206
\OT1/ptm/m/n/10 ser-va-tions from the the Murchi-son Wide-field Ar-ray (MWA; Ti
n-gay et al. (2013); Bow-man et 
 []


Overfull \hbox (5.86829pt too wide) in paragraph at lines 205--206
\OT1/ptm/m/n/10 al. (2013)), the Pre-ci-sion Ar-ray for Prob-ing the Epoch of R
eion-iza-tion (PA-PER; Pober et al. 
 []


Overfull \hbox (5.51875pt too wide) in paragraph at lines 205--206
\OT1/ptm/m/n/10 (2013); Par-sons et al. (2010); Ja-cobs et al. (2011)), and the
 Low Fre-quency Ar-ray (LO-FAR; 
 []


Overfull \hbox (8.89453pt too wide) in paragraph at lines 205--206
\OT1/ptm/m/n/10 Yatawatta et al. (2013)). Beam cal-i-bra-tion of low fre-quency
 dipole ar-rays poses sev-eral com- 
 []


Overfull \hbox (4.57051pt too wide) in paragraph at lines 205--206
\OT1/ptm/m/n/10 pli-ca-tions com-pared to tra-di-tional dish an-ten-nas. Most n
o-table is that holo-graphic beam cal- 
 []


Overfull \hbox (20.30719pt too wide) in paragraph at lines 205--206
\OT1/ptm/m/n/10 i-bra-tion is not pos-si-ble be-cause the dipole ar-ray beams a
re steered elec-tron-i-cally and are unique 
 []


Overfull \hbox (20.3373pt too wide) in paragraph at lines 205--206
\OT1/ptm/m/n/10 at ev-ery point-ing di-rec-tion. Drift scan cal-i-bra-tion of d
ipole ar-ray beams is pos-si-ble, but re-quires 
 []


Overfull \hbox (2.14415pt too wide) in paragraph at lines 205--206
\OT1/ptm/m/n/10 the test an-tenna/array to be em-bed-ded within an ex-ist-ing a
r-ray that gen-er-ates suf-fi-cient sen- 
 []


Overfull \hbox (3.23132pt too wide) in paragraph at lines 205--206
\OT1/ptm/m/n/10 si-tiv-ity to iso-late a large num-ber of ra-dio sources to pro
-vide many tracks through the beam. 
 []


Overfull \hbox (23.89845pt too wide) in paragraph at lines 205--206
\OT1/ptm/m/n/10 Pober et al. (2012) have em-ployed sym-me-try ar-gu-ments to re
-duce the needed num-ber of sources 
 []


Overfull \hbox (8.52826pt too wide) in paragraph at lines 205--206
\OT1/ptm/m/n/10 on the sky and im-prove the re-sult for PA-PER an-ten-nas, but 
this is not pos-si-ble in gen-eral for 
 []


Overfull \hbox (18.61436pt too wide) in paragraph at lines 205--206
\OT1/ptm/m/n/10 more com-pli-cated dipole ar-ray beam pat-terns. At-tempts have
 been made to use ane-choic cham- 
 []


Overfull \hbox (24.1342pt too wide) in paragraph at lines 205--206
\OT1/ptm/m/n/10 bers to cal-i-brate low-frequency phased ar-rays, but the mea-s
ure-ments suf-fer since even the largest 
 []


Overfull \hbox (21.74098pt too wide) in paragraph at lines 205--206
\OT1/ptm/m/n/10 cham-bers can-not ex-tend into the farfield pat-tern and the RF
 ab-sorber ma-te-rial used in the cham- 
 []


Overfull \hbox (27.89474pt too wide) in paragraph at lines 205--206
\OT1/ptm/m/n/10 bers per-forms poorly be-low 150 MHz, cre-at-ing re-flec-tions 
and res-o-nances. Map-ping of the dipole 
 []


Overfull \hbox (13.95108pt too wide) in paragraph at lines 205--206
\OT1/ptm/m/n/10 beams us-ing the Or-b-comm con-stel-la-tion of satel-lites has 
proven ef-fec-tive (Neben, Bradley and 
 []

<images/drone2.png, id=12, 1249.66875pt x 771.88374pt>
File: images/drone2.png Graphic file (type png)
 <use images/drone2.png>
Package pdftex.def Info: images/drone2.png used on input line 217.
(pdftex.def)             Requested size: 224.93066pt x 138.93307pt.

<images/drone.png, id=14, 455.7025pt x 410.53375pt>
File: images/drone.png Graphic file (type png)
 <use images/drone.png>
Package pdftex.def Info: images/drone.png used on input line 218.
(pdftex.def)             Requested size: 154.48482pt x 139.17245pt.
LaTeX Font Info:    Font shape `OT1/ptm/bx/n' in size <9> not available
(Font)              Font shape `OT1/ptm/b/n' tried instead on input line 219.

Underfull \hbox (badness 10000) in paragraph at lines 219--219
[]\OT1/ptm/b/n/9 Figure  1. \OT1/ptm/m/n/9 3DR X8 oc-to-quad drone prior to lau
nch (left) and in flight (right). The Valon synth is con-tained
 []


Underfull \hbox (badness 10000) in paragraph at lines 219--219
\OT1/ptm/m/n/9 in the black project box mounted on top of the drone. A cop-per 
plate, which acts as shield-ing from the elec-
 []


Underfull \hbox (badness 10000) in paragraph at lines 219--219
\OT1/ptm/m/n/9 tron-ics be-low, with the at-tached GPS mag-ne-tome-ter can be s
een atop the project box. Be-neath the drone, the
 []


Overfull \hbox (37.6019pt too wide) in paragraph at lines 224--225
[]\OT1/ptm/m/n/10 For the cal-i-bra-tion source, ECHO em-ploys a X8 oc-to-quad 
drone man-u-fac-tured by 3DRobotics 
 []


Overfull \hbox (10.06227pt too wide) in paragraph at lines 224--225
\OT1/ptm/m/n/10 (3DR) with an on-board, pro-grammable Valon 5007 syn-the-sizer 
and a Bi-coLOG 30100 bi-con- 
 []


Overfull \hbox (12.54207pt too wide) in paragraph at lines 224--225
\OT1/ptm/m/n/10 i-cal an-tenna (see Fig. 1[]). To cover a large por-tion of the
 sky of the an-tenna un-der test (AUT), 
 []


Overfull \hbox (8.53145pt too wide) in paragraph at lines 224--225
\OT1/ptm/m/n/10 a spi-ral path along the sur-face of a sphere cen-tered on the 
AUT with a ra-dius greater than or 
 []


Overfull \hbox (22.95459pt too wide) in paragraph at lines 224--225
\OT1/ptm/m/n/10 equal to the AUT's far field dis-tance is used. The way-points 
are gen-er-ated us-ing a Healpix map, 
 []


Overfull \hbox (4.7813pt too wide) in paragraph at lines 224--225
\OT1/ptm/m/n/10 which di-vides the sky up into pix-els with equal area ac-cord-
ing to a user spec-i-fied pa-ram-e-ter 
 []


Overfull \hbox (4.51492pt too wide) in paragraph at lines 224--225
\OT1/ptm/m/n/10 ber from zenith to nadir, the al-ti-tude and az-imuth of each p
ixel is ob-tained and con-verted to 
 []


Overfull \hbox (0.13464pt too wide) in paragraph at lines 224--225
\OT1/ptm/m/n/10 a way-point, i.e. a list of way-point num-ber, lat-i-tude, lon-
gi-tude, and al-ti-tude. These ob-tained 
 []


Overfull \hbox (7.10452pt too wide) in paragraph at lines 224--225
\OT1/ptm/m/n/10 way-points are then writ-ten to a way-point file in or-der of p
o-si-tion, start-ing at the hori-zon and 
 []


Overfull \hbox (6.66492pt too wide) in paragraph at lines 224--225
\OT1/ptm/m/n/10 end-ing at zenith. The in-ter-nal GPS of the drone can then rea
d in the gen-er-ated way-point file 
 []


Overfull \hbox (14.76813pt too wide) in paragraph at lines 224--225
\OT1/ptm/m/n/10 and au-tonomously fol-low these way-points in flight. A re-gion
 of in-ter-est (ROI) can be de-clared 
 []


Overfull \hbox (9.83113pt too wide) in paragraph at lines 224--225
\OT1/ptm/m/n/10 in the way-point file prior to the first way-point to force the
 drone to al-ways face a spe-cific re- 
 []

[2 <./images/drone2.png> <./images/drone.png>]

LaTeX Warning: Reference `fig:dual dipole' on page 3 undefined on input line 24
6.


Overfull \hbox (6.21458pt too wide) in paragraph at lines 246--247
[]\OT1/ptm/m/n/10 The first full scale test of the ECHO sys-tem was done in Au-
gust, 2015 at the Na-tional 
 []


Overfull \hbox (17.9083pt too wide) in paragraph at lines 246--247
\OT1/ptm/m/n/10 Ra-dio As-tron-omy Ob-ser-va-tory (NRAO) site in Green Bank, WV
. Two dual-polarization dipoles 
 []


Overfull \hbox (21.90738pt too wide) in paragraph at lines 246--247
\OT1/ptm/m/n/10 (see Fig. []) used in the de-vel-op-ment of a cal-i-bra-tion te
ch-nique uti-liz-ing the OR-B-COMM satel- 
 []


Overfull \hbox (14.75797pt too wide) in paragraph at lines 246--247
\OT1/ptm/m/n/10 lite con-stel-la-tion (Neben et al. 2015) were used as the AUTs
. With a dipole length of 90.4 cm 
 []


Overfull \hbox (12.59875pt too wide) in paragraph at lines 246--247
\OT1/ptm/m/n/10 and a Valon synth fre-quency of 137.5 MHz, a flight ra-dius of 
100m was cho-sen, well into the 
 []


Overfull \hbox (7.72841pt too wide) in paragraph at lines 246--247
\OT1/ptm/m/n/10 ECHO per-formed took  60 min. Four to-tal flights were per-form
ed as each an-tenna con-tained 
 []


Overfull \hbox (4.89781pt too wide) in paragraph at lines 246--247
\OT1/ptm/m/n/10 two dipoles and thus needed to be tested with two flights, one 
with a po-lar-iza-tion of the Bi- 
 []


Overfull \hbox (5.97096pt too wide) in paragraph at lines 246--247
\OT1/ptm/m/n/10 coLOG match-ing the po-lar-iza-tion of one of the dipoles. This
 also al-lowed cross-polarization 
 []


Overfull \hbox (44.11853pt too wide) in paragraph at lines 437--440
\OT1/ptm/m/n/10 ECHO is sup-ported by a grant from the Na-tional Sci-ence Foun-
da-tion (NSF; award num-ber 1407646). 
 []


Overfull \hbox (9.98564pt too wide) in paragraph at lines 437--440
\OT1/ptm/m/n/10 D.C.J would like to ac-knowl-edge NSF sup-port un-der award 140
1708. Thanks to the Na-tional 
 []


Overfull \hbox (2.24521pt too wide) in paragraph at lines 437--440
\OT1/ptm/m/n/10 Ra-dio As-tron-omy Ob-ser-va-tory, Green Bank and to Em-bry Rid
-dle Aero-nau-ti-cal Ob-ser-va-tory 
 []


Underfull \hbox (badness 10000) in paragraph at lines 504--508
[]\OT1/ptm/m/n/10 G[]orski, K. M., E. Hivon, A. J. Ban-day, B. D. Wan-delt, F. 
K. Hansen, M. Rei-necke, and 
 []


Underfull \hbox (badness 10000) in paragraph at lines 504--508
\OT1/ptm/m/n/10 M. Bartel-mann (2005), HEALPix: A Frame-work for High-Resolutio
n Dis-cretiza- 
 []


Underfull \hbox (badness 10000) in paragraph at lines 504--508
\OT1/ptm/m/n/10 tion and Fast Anal-y-sis of Data Dis-tributed on the Sphere, \O
T1/ptm/m/it/10 ApJ\OT1/ptm/m/n/10 , \OT1/ptm/m/it/10 622\OT1/ptm/m/n/10 , 759--
771, doi: 
 []

[3] (./ECHO_agu_class.aux)

LaTeX Warning: There were undefined references.

 ) 
Here is how much of TeX's memory you used:
 2907 strings out of 493315
 39759 string characters out of 6137904
 106400 words of memory out of 5000000
 6315 multiletter control sequences out of 15000+600000
 21717 words of font info for 42 fonts, out of 8000000 for 9000
 963 hyphenation exceptions out of 8191
 38i,8n,35p,2129b,287s stack positions out of 5000i,500n,10000p,200000b,80000s
{/usr/local/texlive/2013/texmf-dist/fonts/enc/dvips/base/8r.enc}</usr/local/t
exlive/2013/texmf-dist/fonts/type1/public/amsfonts/cm/cmmi10.pfb></usr/local/te
xlive/2013/texmf-dist/fonts/type1/public/amsfonts/cm/cmmi7.pfb></usr/local/texl
ive/2013/texmf-dist/fonts/type1/public/amsfonts/cm/cmr10.pfb></usr/local/texliv
e/2013/texmf-dist/fonts/type1/public/amsfonts/cm/cmr6.pfb></usr/local/texlive/2
013/texmf-dist/fonts/type1/public/amsfonts/cm/cmr7.pfb></usr/local/texlive/2013
/texmf-dist/fonts/type1/public/amsfonts/cm/cmsy10.pfb></usr/local/texlive/2013/
texmf-dist/fonts/type1/public/amsfonts/cm/cmsy5.pfb></usr/local/texlive/2013/te
xmf-dist/fonts/type1/public/amsfonts/cm/cmsy7.pfb></usr/local/texlive/2013/texm
f-dist/fonts/type1/urw/times/utmb8a.pfb></usr/local/texlive/2013/texmf-dist/fon
ts/type1/urw/times/utmr8a.pfb></usr/local/texlive/2013/texmf-dist/fonts/type1/u
rw/times/utmri8a.pfb>
Output written on ECHO_agu_class.pdf (3 pages, 2940446 bytes).
PDF statistics:
 64 PDF objects out of 1000 (max. 8388607)
 43 compressed objects within 1 object stream
 0 named destinations out of 1000 (max. 500000)
 11 words of extra memory for PDF output out of 10000 (max. 10000000)

